Rasa process starting
Rasa process starting
Rasa process starting
Rasa process starting
Added 'SpacyNLP' to component cache. Key 'SpacyNLP-en'.
Generating grammar tables from /usr/lib/python3.6/lib2to3/Grammar.txt
Generating grammar tables from /usr/lib/python3.6/lib2to3/PatternGrammar.txt
Scheduler started
From /home/sunil/workDir2/UpdatedEnv/lib/python3.6/site-packages/tensorflow/python/ops/resource_variable_ops.py:435: colocate_with (from tensorflow.python.framework.ops) is deprecated and will be removed in a future version.
Instructions for updating:
Colocations handled automatically by placer.
From /home/sunil/workDir2/UpdatedEnv/lib/python3.6/site-packages/tensorflow/python/keras/backend.py:4010: calling dropout (from tensorflow.python.ops.nn_ops) with keep_prob is deprecated and will be removed in a future version.
Instructions for updating:
Please use `rate` instead of `keep_prob`. Rate should be set to `rate = 1 - keep_prob`.
From /home/sunil/workDir2/UpdatedEnv/lib/python3.6/site-packages/tensorflow/python/ops/math_ops.py:3066: to_int32 (from tensorflow.python.ops.math_ops) is deprecated and will be removed in a future version.
Instructions for updating:
Use tf.cast instead.
Found policies ['KerasPolicy', 'TravelPolicy'] with same priority 1 in PolicyEnsemble. When personalizing priorities, be sure to give all policies different priorities. More information: https://rasa.com/docs/core/policies/
Rasa Core server is up and running on http://localhost:5005
Rasa process starting
Added 'SpacyNLP' to component cache. Key 'SpacyNLP-en'.
Generating grammar tables from /usr/lib/python3.6/lib2to3/Grammar.txt
Generating grammar tables from /usr/lib/python3.6/lib2to3/PatternGrammar.txt
Scheduler started
Looking for jobs to run
No jobs; waiting until a job is added
From /home/sunil/workDir2/UpdatedEnv/lib/python3.6/site-packages/tensorflow/python/ops/resource_variable_ops.py:435: colocate_with (from tensorflow.python.framework.ops) is deprecated and will be removed in a future version.
Instructions for updating:
Colocations handled automatically by placer.
From /home/sunil/workDir2/UpdatedEnv/lib/python3.6/site-packages/tensorflow/python/keras/backend.py:4010: calling dropout (from tensorflow.python.ops.nn_ops) with keep_prob is deprecated and will be removed in a future version.
Instructions for updating:
Please use `rate` instead of `keep_prob`. Rate should be set to `rate = 1 - keep_prob`.
From /home/sunil/workDir2/UpdatedEnv/lib/python3.6/site-packages/tensorflow/python/ops/math_ops.py:3066: to_int32 (from tensorflow.python.ops.math_ops) is deprecated and will be removed in a future version.
Instructions for updating:
Use tf.cast instead.
Found policies ['KerasPolicy', 'TravelPolicy'] with same priority 1 in PolicyEnsemble. When personalizing priorities, be sure to give all policies different priorities. More information: https://rasa.com/docs/core/policies/
Available web server routes: 
static                                             GET, HEAD, OPTIONS             /static/[filename]
custom_webhook_CmdlineInput.health                 GET, HEAD, OPTIONS             /webhooks/rest/
custom_webhook_CmdlineInput.receive                POST, OPTIONS                  /webhooks/rest/webhook
Rasa Core server is up and running on http://localhost:5005
Creating a new tracker for id 'default'.
Received user message 'hi' with intent '{'name': 'greet', 'confidence': 0.9390395339218255}' and entities '[]'
Logged UserUtterance - tracker now has 2 events
Current slot values: 
	location_city: None
	location_country: None
	location_state: None
	user_name: None
Current tracker state [None, None, None, {}, {'prev_action_listen': 1.0, 'intent_greet': 1.0}]
There is a memorised next action '8'
There is no active form
Predicted next action using policy_2_MemoizationPolicy
Predicted next action 'utter_greet' with prob 1.00.
Action 'utter_greet' ended with events '[]'
Bot utterance 'BotUttered(text: hey!, data: {
  "elements": null,
  "buttons": null,
  "attachment": null
})'
Current tracker state [None, None, {}, {'prev_action_listen': 1.0, 'intent_greet': 1.0}, {'intent_greet': 1.0, 'prev_utter_greet': 1.0}]
There is no memorised next action
There is no active form
Predicted next action using policy_4_TravelPolicy
Predicted next action 'utter_ask_user_name' with prob 0.46.
Action 'utter_ask_user_name' ended with events '[]'
Bot utterance 'BotUttered(text:  , data: {
  "elements": null,
  "buttons": null,
  "attachment": null
})'
Current tracker state [None, {}, {'prev_action_listen': 1.0, 'intent_greet': 1.0}, {'intent_greet': 1.0, 'prev_utter_greet': 1.0}, {'prev_utter_ask_user_name': 1.0, 'intent_greet': 1.0}]
There is a memorised next action '0'
There is no active form
Predicted next action using policy_2_MemoizationPolicy
Predicted next action 'action_listen' with prob 1.00.
Action 'action_listen' ended with events '[]'
Recreating tracker for id 'default'
Received user message '' with intent '{'name': None, 'confidence': 0.0}' and entities '[]'
Logged UserUtterance - tracker now has 8 events
Current slot values: 
	location_city: None
	location_country: None
	location_state: None
	user_name: None
NLU confidence 0.0 is lower than NLU threshold 0.3. 
Current tracker state [{}, {'prev_action_listen': 1.0, 'intent_greet': 1.0}, {'intent_greet': 1.0, 'prev_utter_greet': 1.0}, {'prev_utter_ask_user_name': 1.0, 'intent_greet': 1.0}, {'prev_action_listen': 1.0}]
There is no memorised next action
There is no active form
Predicted next action using policy_1_FallbackPolicy
Predicted next action 'action_default_fallback' with prob 1.00.
Action 'action_default_fallback' ended with events '['UserUtteranceReverted()']'
Current tracker state [None, {}, {'prev_action_listen': 1.0, 'intent_greet': 1.0}, {'intent_greet': 1.0, 'prev_utter_greet': 1.0}, {'prev_utter_ask_user_name': 1.0, 'intent_greet': 1.0}]
There is a memorised next action '0'
There is no active form
Predicted next action using policy_2_MemoizationPolicy
Predicted next action 'action_listen' with prob 1.00.
Action 'action_listen' ended with events '[]'
Recreating tracker for id 'default'
Received user message 'give me information about bangalore' with intent '{'name': 'info_famous_place', 'confidence': 0.9784039831857826}' and entities '[{'start': 26, 'end': 35, 'value': 'bangalore', 'entity': 'famous_place', 'confidence': 0.7188436377137594, 'extractor': 'CRFEntityExtractor'}]'
Logged UserUtterance - tracker now has 12 events
Current slot values: 
	location_city: None
	location_country: None
	location_state: None
	user_name: None
Feature 'intent_info_famous_place' (value: '1.0') could not be found in feature map. Make sure you added all intents and entities to the domain
Feature 'entity_famous_place' (value: '1.0') could not be found in feature map. Make sure you added all intents and entities to the domain
Current tracker state [{}, {'prev_action_listen': 1.0, 'intent_greet': 1.0}, {'intent_greet': 1.0, 'prev_utter_greet': 1.0}, {'prev_utter_ask_user_name': 1.0, 'intent_greet': 1.0}, {'prev_action_listen': 1.0, 'intent_info_famous_place': 1.0, 'entity_famous_place': 1.0}]
There is no memorised next action
There is no active form
Feature 'intent_info_famous_place' (value: '1.0') could not be found in feature map. Make sure you added all intents and entities to the domain
Feature 'entity_famous_place' (value: '1.0') could not be found in feature map. Make sure you added all intents and entities to the domain
Predicted next action using policy_4_TravelPolicy
Predicted next action 'utter_greet_with_name' with prob 0.64.
Action 'utter_greet_with_name' ended with events '[]'
Bot utterance 'BotUttered(text: Hey there! None!. How can I help?, data: {
  "elements": null,
  "buttons": null,
  "attachment": null
})'
Feature 'intent_info_famous_place' (value: '1.0') could not be found in feature map. Make sure you added all intents and entities to the domain
Feature 'entity_famous_place' (value: '1.0') could not be found in feature map. Make sure you added all intents and entities to the domain
Feature 'intent_info_famous_place' (value: '1.0') could not be found in feature map. Make sure you added all intents and entities to the domain
Feature 'entity_famous_place' (value: '1.0') could not be found in feature map. Make sure you added all intents and entities to the domain
Current tracker state [{'prev_action_listen': 1.0, 'intent_greet': 1.0}, {'intent_greet': 1.0, 'prev_utter_greet': 1.0}, {'prev_utter_ask_user_name': 1.0, 'intent_greet': 1.0}, {'prev_action_listen': 1.0, 'intent_info_famous_place': 1.0, 'entity_famous_place': 1.0}, {'intent_info_famous_place': 1.0, 'prev_utter_greet_with_name': 1.0, 'entity_famous_place': 1.0}]
There is no memorised next action
There is no active form
Feature 'intent_info_famous_place' (value: '1.0') could not be found in feature map. Make sure you added all intents and entities to the domain
Feature 'entity_famous_place' (value: '1.0') could not be found in feature map. Make sure you added all intents and entities to the domain
Feature 'intent_info_famous_place' (value: '1.0') could not be found in feature map. Make sure you added all intents and entities to the domain
Feature 'entity_famous_place' (value: '1.0') could not be found in feature map. Make sure you added all intents and entities to the domain
Predicted next action using policy_4_TravelPolicy
Predicted next action 'action_listen' with prob 0.94.
Action 'action_listen' ended with events '[]'
Recreating tracker for id 'default'
Received user message 'tell me about bangalore' with intent '{'name': 'info_famous_place', 'confidence': 0.9664829409453131}' and entities '[{'start': 14, 'end': 23, 'value': 'bangalore', 'entity': 'famous_place', 'confidence': 0.7176025344874309, 'extractor': 'CRFEntityExtractor'}]'
Logged UserUtterance - tracker now has 16 events
Current slot values: 
	location_city: None
	location_country: None
	location_state: None
	user_name: None
Feature 'intent_info_famous_place' (value: '1.0') could not be found in feature map. Make sure you added all intents and entities to the domain
Feature 'entity_famous_place' (value: '1.0') could not be found in feature map. Make sure you added all intents and entities to the domain
Feature 'intent_info_famous_place' (value: '1.0') could not be found in feature map. Make sure you added all intents and entities to the domain
Feature 'entity_famous_place' (value: '1.0') could not be found in feature map. Make sure you added all intents and entities to the domain
Feature 'intent_info_famous_place' (value: '1.0') could not be found in feature map. Make sure you added all intents and entities to the domain
Feature 'entity_famous_place' (value: '1.0') could not be found in feature map. Make sure you added all intents and entities to the domain
Current tracker state [{'intent_greet': 1.0, 'prev_utter_greet': 1.0}, {'prev_utter_ask_user_name': 1.0, 'intent_greet': 1.0}, {'prev_action_listen': 1.0, 'intent_info_famous_place': 1.0, 'entity_famous_place': 1.0}, {'intent_info_famous_place': 1.0, 'prev_utter_greet_with_name': 1.0, 'entity_famous_place': 1.0}, {'prev_action_listen': 1.0, 'intent_info_famous_place': 1.0, 'entity_famous_place': 1.0}]
There is no memorised next action
There is no active form
Feature 'intent_info_famous_place' (value: '1.0') could not be found in feature map. Make sure you added all intents and entities to the domain
Feature 'entity_famous_place' (value: '1.0') could not be found in feature map. Make sure you added all intents and entities to the domain
Feature 'intent_info_famous_place' (value: '1.0') could not be found in feature map. Make sure you added all intents and entities to the domain
Feature 'entity_famous_place' (value: '1.0') could not be found in feature map. Make sure you added all intents and entities to the domain
Feature 'intent_info_famous_place' (value: '1.0') could not be found in feature map. Make sure you added all intents and entities to the domain
Feature 'entity_famous_place' (value: '1.0') could not be found in feature map. Make sure you added all intents and entities to the domain
Predicted next action using policy_4_TravelPolicy
Predicted next action 'utter_greet' with prob 0.30.
Action 'utter_greet' ended with events '[]'
Bot utterance 'BotUttered(text: Hi!!!, data: {
  "elements": null,
  "buttons": null,
  "attachment": null
})'
Feature 'intent_info_famous_place' (value: '1.0') could not be found in feature map. Make sure you added all intents and entities to the domain
Feature 'entity_famous_place' (value: '1.0') could not be found in feature map. Make sure you added all intents and entities to the domain
Feature 'intent_info_famous_place' (value: '1.0') could not be found in feature map. Make sure you added all intents and entities to the domain
Feature 'entity_famous_place' (value: '1.0') could not be found in feature map. Make sure you added all intents and entities to the domain
Feature 'intent_info_famous_place' (value: '1.0') could not be found in feature map. Make sure you added all intents and entities to the domain
Feature 'entity_famous_place' (value: '1.0') could not be found in feature map. Make sure you added all intents and entities to the domain
Feature 'intent_info_famous_place' (value: '1.0') could not be found in feature map. Make sure you added all intents and entities to the domain
Feature 'entity_famous_place' (value: '1.0') could not be found in feature map. Make sure you added all intents and entities to the domain
Current tracker state [{'prev_utter_ask_user_name': 1.0, 'intent_greet': 1.0}, {'prev_action_listen': 1.0, 'intent_info_famous_place': 1.0, 'entity_famous_place': 1.0}, {'intent_info_famous_place': 1.0, 'prev_utter_greet_with_name': 1.0, 'entity_famous_place': 1.0}, {'prev_action_listen': 1.0, 'intent_info_famous_place': 1.0, 'entity_famous_place': 1.0}, {'intent_info_famous_place': 1.0, 'prev_utter_greet': 1.0, 'entity_famous_place': 1.0}]
There is no memorised next action
There is no active form
Feature 'intent_info_famous_place' (value: '1.0') could not be found in feature map. Make sure you added all intents and entities to the domain
Feature 'entity_famous_place' (value: '1.0') could not be found in feature map. Make sure you added all intents and entities to the domain
Feature 'intent_info_famous_place' (value: '1.0') could not be found in feature map. Make sure you added all intents and entities to the domain
Feature 'entity_famous_place' (value: '1.0') could not be found in feature map. Make sure you added all intents and entities to the domain
Feature 'intent_info_famous_place' (value: '1.0') could not be found in feature map. Make sure you added all intents and entities to the domain
Feature 'entity_famous_place' (value: '1.0') could not be found in feature map. Make sure you added all intents and entities to the domain
Feature 'intent_info_famous_place' (value: '1.0') could not be found in feature map. Make sure you added all intents and entities to the domain
Feature 'entity_famous_place' (value: '1.0') could not be found in feature map. Make sure you added all intents and entities to the domain
Predicted next action using policy_4_TravelPolicy
Predicted next action 'action_listen' with prob 0.81.
Action 'action_listen' ended with events '[]'
Recreating tracker for id 'default'
Received user message 'tell me about bangalore' with intent '{'name': 'info_famous_place', 'confidence': 0.9664829409453131}' and entities '[{'start': 14, 'end': 23, 'value': 'bangalore', 'entity': 'famous_place', 'confidence': 0.7176025344874309, 'extractor': 'CRFEntityExtractor'}]'
Logged UserUtterance - tracker now has 20 events
Current slot values: 
	location_city: None
	location_country: None
	location_state: None
	user_name: None
Feature 'intent_info_famous_place' (value: '1.0') could not be found in feature map. Make sure you added all intents and entities to the domain
Feature 'entity_famous_place' (value: '1.0') could not be found in feature map. Make sure you added all intents and entities to the domain
Feature 'intent_info_famous_place' (value: '1.0') could not be found in feature map. Make sure you added all intents and entities to the domain
Feature 'entity_famous_place' (value: '1.0') could not be found in feature map. Make sure you added all intents and entities to the domain
Feature 'intent_info_famous_place' (value: '1.0') could not be found in feature map. Make sure you added all intents and entities to the domain
Feature 'entity_famous_place' (value: '1.0') could not be found in feature map. Make sure you added all intents and entities to the domain
Feature 'intent_info_famous_place' (value: '1.0') could not be found in feature map. Make sure you added all intents and entities to the domain
Feature 'entity_famous_place' (value: '1.0') could not be found in feature map. Make sure you added all intents and entities to the domain
Feature 'intent_info_famous_place' (value: '1.0') could not be found in feature map. Make sure you added all intents and entities to the domain
Feature 'entity_famous_place' (value: '1.0') could not be found in feature map. Make sure you added all intents and entities to the domain
Current tracker state [{'prev_action_listen': 1.0, 'intent_info_famous_place': 1.0, 'entity_famous_place': 1.0}, {'intent_info_famous_place': 1.0, 'prev_utter_greet_with_name': 1.0, 'entity_famous_place': 1.0}, {'prev_action_listen': 1.0, 'intent_info_famous_place': 1.0, 'entity_famous_place': 1.0}, {'intent_info_famous_place': 1.0, 'prev_utter_greet': 1.0, 'entity_famous_place': 1.0}, {'prev_action_listen': 1.0, 'intent_info_famous_place': 1.0, 'entity_famous_place': 1.0}]
There is no memorised next action
There is no active form
Feature 'intent_info_famous_place' (value: '1.0') could not be found in feature map. Make sure you added all intents and entities to the domain
Feature 'entity_famous_place' (value: '1.0') could not be found in feature map. Make sure you added all intents and entities to the domain
Feature 'intent_info_famous_place' (value: '1.0') could not be found in feature map. Make sure you added all intents and entities to the domain
Feature 'entity_famous_place' (value: '1.0') could not be found in feature map. Make sure you added all intents and entities to the domain
Feature 'intent_info_famous_place' (value: '1.0') could not be found in feature map. Make sure you added all intents and entities to the domain
Feature 'entity_famous_place' (value: '1.0') could not be found in feature map. Make sure you added all intents and entities to the domain
Feature 'intent_info_famous_place' (value: '1.0') could not be found in feature map. Make sure you added all intents and entities to the domain
Feature 'entity_famous_place' (value: '1.0') could not be found in feature map. Make sure you added all intents and entities to the domain
Feature 'intent_info_famous_place' (value: '1.0') could not be found in feature map. Make sure you added all intents and entities to the domain
Feature 'entity_famous_place' (value: '1.0') could not be found in feature map. Make sure you added all intents and entities to the domain
Predicted next action using policy_1_FallbackPolicy
Predicted next action 'action_default_fallback' with prob 1.00.
Action 'action_default_fallback' ended with events '['UserUtteranceReverted()']'
Feature 'intent_info_famous_place' (value: '1.0') could not be found in feature map. Make sure you added all intents and entities to the domain
Feature 'entity_famous_place' (value: '1.0') could not be found in feature map. Make sure you added all intents and entities to the domain
Feature 'intent_info_famous_place' (value: '1.0') could not be found in feature map. Make sure you added all intents and entities to the domain
Feature 'entity_famous_place' (value: '1.0') could not be found in feature map. Make sure you added all intents and entities to the domain
Feature 'intent_info_famous_place' (value: '1.0') could not be found in feature map. Make sure you added all intents and entities to the domain
Feature 'entity_famous_place' (value: '1.0') could not be found in feature map. Make sure you added all intents and entities to the domain
Feature 'intent_info_famous_place' (value: '1.0') could not be found in feature map. Make sure you added all intents and entities to the domain
Feature 'entity_famous_place' (value: '1.0') could not be found in feature map. Make sure you added all intents and entities to the domain
Current tracker state [{'prev_utter_ask_user_name': 1.0, 'intent_greet': 1.0}, {'prev_action_listen': 1.0, 'intent_info_famous_place': 1.0, 'entity_famous_place': 1.0}, {'intent_info_famous_place': 1.0, 'prev_utter_greet_with_name': 1.0, 'entity_famous_place': 1.0}, {'prev_action_listen': 1.0, 'intent_info_famous_place': 1.0, 'entity_famous_place': 1.0}, {'intent_info_famous_place': 1.0, 'prev_utter_greet': 1.0, 'entity_famous_place': 1.0}]
There is no memorised next action
There is no active form
Feature 'intent_info_famous_place' (value: '1.0') could not be found in feature map. Make sure you added all intents and entities to the domain
Feature 'entity_famous_place' (value: '1.0') could not be found in feature map. Make sure you added all intents and entities to the domain
Feature 'intent_info_famous_place' (value: '1.0') could not be found in feature map. Make sure you added all intents and entities to the domain
Feature 'entity_famous_place' (value: '1.0') could not be found in feature map. Make sure you added all intents and entities to the domain
Feature 'intent_info_famous_place' (value: '1.0') could not be found in feature map. Make sure you added all intents and entities to the domain
Feature 'entity_famous_place' (value: '1.0') could not be found in feature map. Make sure you added all intents and entities to the domain
Feature 'intent_info_famous_place' (value: '1.0') could not be found in feature map. Make sure you added all intents and entities to the domain
Feature 'entity_famous_place' (value: '1.0') could not be found in feature map. Make sure you added all intents and entities to the domain
Predicted next action using policy_4_TravelPolicy
Predicted next action 'action_listen' with prob 0.81.
Action 'action_listen' ended with events '[]'
